
        ==========     _____ _    _ ____  _____  ______          _____  
        =====         / ____| |  | |  _ \|  __ \|  ____|   /\   |  __ \ 
          =====      | (___ | |  | | |_) | |__) | |__     /  \  | |  | |
            ====      \___ \| |  | |  _ <|  _  /|  __|   / /\ \ | |  | |
              ====    ____) | |__| | |_) | | \ \| |____ / ____ \| |__| |
        ==========   |_____/ \____/|____/|_|  \_\______/_/    \_\_____/
	  v2.1.1

//========================== featureCounts setting ===========================\\
||                                                                            ||
||             Input files : 1 BAM file                                       ||
||                                                                            ||
||                           test_aligned.bam                                 ||
||                                                                            ||
||             Output file : test_gene_counts.txt                             ||
||                 Summary : test_gene_counts.txt.summary                     ||
||              Paired-end : no                                               ||
||        Count read pairs : no                                               ||
||              Annotation : annotation.gtf (GTF)                             ||
||      Dir for temp files : ./                                               ||
||                                                                            ||
||                 Threads : 2                                                ||
||                   Level : meta-feature level                               ||
||      Multimapping reads : not counted                                      ||
|| Multi-overlapping reads : not counted                                      ||
||   Min overlapping bases : 1                                                ||
||                                                                            ||
\\============================================================================//

//================================= Running ==================================\\
||                                                                            ||
|| Load annotation file annotation.gtf ...                                    ||
||    Features : 4                                                            ||
||    Meta-features : 4                                                       ||
||    Chromosomes/contigs : 4                                                 ||
||                                                                            ||
|| Process BAM file test_aligned.bam...                                       ||
||    Single-end reads are included.                                          ||
||    Total alignments : 0                                                    ||
||    Successfully assigned alignments : 0                                    ||
||    Running time : 0.00 minutes                                             ||
||                                                                            ||
|| Write the final count table.                                               ||
|| Write the read assignment summary.                                         ||
||                                                                            ||
|| Summary of counting results can be found in file "test_gene_counts.txt.su  ||
|| mmary"                                                                     ||
||                                                                            ||
\\============================================================================//

